<?xml version="1.0" encoding="UTF-8"?>
<!-- Generated by org.testng.reporters.JUnitXMLReporter -->
<testsuite hostname="Lenovo" ignored="0" name="Test" tests="3" failures="0" timestamp="13 Dec 2021 05:32:28 GMT" time="91.935" errors="0">
  <testcase name="tc01" time="91.783" classname="org.testng.ParallelTesting2"/>
  <testcase name="tc02" time="91.765" classname="org.testng.ParallelTesting2"/>
  <testcase name="tc03" time="91.773" classname="org.testng.ParallelTesting2"/>
</testsuite> <!-- Test -->
